Added Component: Designator=C2(WCAP-CSGP_0805_H=0.6mm_Reflow)
Add component (AddParameter): Name = "Capacitance"; Value = "100pF"; VariantName = "[No Variations]"
Add component (AddParameter): Name = "Capacitance Tolerance"; Value = "+/-5%"; VariantName = "[No Variations]"
Add component (AddParameter): Name = "Ceramic Type"; Value = "NP0"; VariantName = "[No Variations]"
Add component (AddParameter): Name = "ComponentLink1Description"; Value = "Manufacturer"; VariantName = "[No Variations]"
Add component (AddParameter): Name = "ComponentLink1URL"; Value = "http://www.we-online.de"; VariantName = "[No Variations]"
Add component (AddParameter): Name = "ComponentLink2Description"; Value = "Datasheet"; VariantName = "[No Variations]"
Add component (AddParameter): Name = "ComponentLink2URL"; Value = "https://katalog.we-online.com/pbs/datasheet/885012007004.pdf"; VariantName = "[No Variations]"
Add component (AddParameter): Name = "Dissipation Factor"; Value = "Q>=1000"; VariantName = "[No Variations]"
Add component (AddParameter): Name = "Height"; Value = "0.6mm +/-0.10mm"; VariantName = "[No Variations]"
Add component (AddParameter): Name = "Isolation Resistance"; Value = ">=10GOhm"; VariantName = "[No Variations]"
Add component (AddParameter): Name = "Mounting Technology"; Value = "SMD"; VariantName = "[No Variations]"
Add component (AddParameter): Name = "Operating Temperature"; Value = "-55 to +125degC"; VariantName = "[No Variations]"
Add component (AddParameter): Name = "Packaging"; Value = "Tape and Reel"; VariantName = "[No Variations]"
Add component (AddParameter): Name = "Part Number"; Value = "885012007004"; VariantName = "[No Variations]"
Add component (AddParameter): Name = "Published Date"; Value = "August 2019"; VariantName = "[No Variations]"
Add component (AddParameter): Name = "Publisher"; Value = "Wurth Elektronik"; VariantName = "[No Variations]"
Add component (AddParameter): Name = "Rated Voltage"; Value = "10VDC"; VariantName = "[No Variations]"
Add component (AddParameter): Name = "Size"; Value = "0805"; VariantName = "[No Variations]"
Add component (AddParameter): Name = "Technical Reference"; Value = "NP00805101J010DFCT10000"; VariantName = "[No Variations]"
Added Member To Class: ClassName=ESP8266_Impedance Member=Component C2 100pF, 10V
Added Room: Name=ESP8266_Impedance
