Added Component: Designator=C21(WCAP-CSGP_0805_H=0.8mm_Reflow)
Add component. Clean all parameters for all variants
Add component (AddParameter): Name = "LatestRevisionDate"; Value = "17-Jul-2002"; VariantName = "[No Variations]"
Add component (AddParameter): Name = "LatestRevisionNote"; Value = "Re-released for DXP Platform."; VariantName = "[No Variations]"
Add component (AddParameter): Name = "PackageDescription"; Value = "Radial Cap, Thru-Hole; 2 Leads; 0.3 in Pin Spacing"; VariantName = "[No Variations]"
Add component (AddParameter): Name = "PackageReference"; Value = "RAD-0.3"; VariantName = "[No Variations]"
Add component (AddParameter): Name = "Published"; Value = "8-Jun-2000"; VariantName = "[No Variations]"
Add component (AddParameter): Name = "Publisher"; Value = "Altium Limited"; VariantName = "[No Variations]"
Added Component: Designator=C22(WCAP-CSGP_0805_H=0.8mm_Reflow)
Add component. Clean all parameters for all variants
Add component (AddParameter): Name = "LatestRevisionDate"; Value = "17-Jul-2002"; VariantName = "[No Variations]"
Add component (AddParameter): Name = "LatestRevisionNote"; Value = "Re-released for DXP Platform."; VariantName = "[No Variations]"
Add component (AddParameter): Name = "PackageDescription"; Value = "Radial Cap, Thru-Hole; 2 Leads; 0.3 in Pin Spacing"; VariantName = "[No Variations]"
Add component (AddParameter): Name = "PackageReference"; Value = "RAD-0.3"; VariantName = "[No Variations]"
Add component (AddParameter): Name = "Published"; Value = "8-Jun-2000"; VariantName = "[No Variations]"
Add component (AddParameter): Name = "Publisher"; Value = "Altium Limited"; VariantName = "[No Variations]"
Added Pin To Net: NetName=GND Pin=C21-1
Added Pin To Net: NetName=VA Pin=C21-2
Added Pin To Net: NetName=VRTC Pin=MT6205B-A3
Added Pin To Net: NetName=VA Pin=MT6205B-A6
Added Pin To Net: NetName=GND Pin=MT6205B-A9
Added Pin To Net: NetName=VA Pin=MT6205B-A11
Added Pin To Net: NetName=GND Pin=MT6205B-A12
Added Pin To Net: NetName=GND Pin=MT6205B-B1
Added Pin To Net: NetName=VA Pin=MT6205B-B4
Added Pin To Net: NetName=GND Pin=MT6205B-B9
Added Pin To Net: NetName=VA Pin=MT6205B-C6
Added Pin To Net: NetName=GND Pin=MT6205B-C10
Added Pin To Net: NetName=VA Pin=MT6205B-C12
Added Pin To Net: NetName=VDD Pin=MT6205B-D1
Added Pin To Net: NetName=GND Pin=MT6205B-D4
Added Pin To Net: NetName=VA Pin=MT6205B-D5
Added Pin To Net: NetName=GND Pin=MT6205B-D13
Added Pin To Net: NetName=VDD Pin=MT6205B-D14
Added Pin To Net: NetName=GND Pin=MT6205B-E7
Added Pin To Net: NetName=GND Pin=MT6205B-E8
Added Pin To Net: NetName=VCORE Pin=MT6205B-F1
Added Pin To Net: NetName=GND Pin=MT6205B-F2
Added Pin To Net: NetName=GND Pin=MT6205B-F13
Added Pin To Net: NetName=VCORE Pin=MT6205B-F14
Added Pin To Net: NetName=GND Pin=MT6205B-G1
Added Pin To Net: NetName=VDD Pin=MT6205B-J1
Added Pin To Net: NetName=VSIM Pin=MT6205B-J4
Added Pin To Net: NetName=VM Pin=MT6205B-J14
Added Pin To Net: NetName=GND Pin=MT6205B-K13
Added Pin To Net: NetName=GND Pin=MT6205B-L1
Added Pin To Net: NetName=GND Pin=MT6205B-N4
Added Pin To Net: NetName=GND Pin=MT6205B-N9
Added Pin To Net: NetName=GND Pin=MT6205B-N11
Added Pin To Net: NetName=GND Pin=MT6205B-N12
Added Pin To Net: NetName=VM Pin=MT6205B-N14
Added Pin To Net: NetName=VDD Pin=MT6205B-P3
Added Pin To Net: NetName=VCORE Pin=MT6205B-P4
Added Pin To Net: NetName=GND Pin=MT6205B-P6
Added Pin To Net: NetName=VM Pin=MT6205B-P8
Added Pin To Net: NetName=VM Pin=MT6205B-P10
Added Pin To Net: NetName=VCORE Pin=MT6205B-P11
Added Pin To Net: NetName=NetC22_1 Pin=C22-1
Added Pin To Net: NetName=NetC22_1 Pin=MT6205B-E9
Added Net: Name=NetC22_1
Added Pin To Net: NetName=NetC22_2 Pin=C22-2
Added Pin To Net: NetName=NetC22_2 Pin=MT6205B-D10
Added Net: Name=NetC22_2
Added Member To Class: ClassName=MT6205B Member=Component C21 100nF
Added Member To Class: ClassName=MT6205B Member=Component C22 47nF
Added Room: Name=MT6205B
