Added Component: Designator=*(MT6305)
Add component. Clean all parameters for all variants
Added Pin To Net: NetName=+5V Pin=*-1
Added Pin To Net: NetName=VDD Pin=*-3
Added Pin To Net: NetName=Net*_4 Pin=*-4
Added Pin To Net: NetName=+5V Pin=*-7
Added Pin To Net: NetName=VSIM Pin=*-8
Added Pin To Net: NetName=VDD Pin=*-12
Added Pin To Net: NetName=VDD Pin=*-13
Added Pin To Net: NetName=GND Pin=*-17
Added Pin To Net: NetName=VM Pin=*-18
Added Pin To Net: NetName=+5V Pin=*-19
Added Pin To Net: NetName=VDD Pin=*-20
Added Pin To Net: NetName=GND Pin=*-21
Added Pin To Net: NetName=VRTC Pin=*-22
Added Pin To Net: NetName=Net*_23 Pin=*-23
Added Pin To Net: NetName=#SYS_RESET Pin=*-24
Added Pin To Net: NetName=VTCXO Pin=*-25
Added Pin To Net: NetName=+5V Pin=*-26
Added Pin To Net: NetName=VA Pin=*-27
Added Pin To Net: NetName=GND Pin=*-28
Added Pin To Net: NetName=Net*_29 Pin=*-29
Added Pin To Net: NetName=SRCLKENA Pin=*-31
Added Pin To Net: NetName=GND Pin=*-32
Added Pin To Net: NetName=BBWAKEUP Pin=*-33
Added Pin To Net: NetName=VDD Pin=*-36
Added Pin To Net: NetName=GND Pin=*-37
Added Pin To Net: NetName=GND Pin=*-40
Added Pin To Net: NetName=Net*_41 Pin=*-41
Added Pin To Net: NetName=GND Pin=*-42
Added Pin To Net: NetName=VDD Pin=*-43
Added Pin To Net: NetName=GND Pin=*-44
Added Pin To Net: NetName=VDD Pin=*-45
Added Pin To Net: NetName=GND Pin=*-46
Added Pin To Net: NetName=+5V Pin=*-47
Added Pin To Net: NetName=VCORE Pin=*-48
Added Pin To Net: NetName=GND Pin=*-49
Added Member To Class: ClassName=MT6205B Member=Component * MT6305B
Added Room: Name=MT6205B
