Added Component: Designator=R2(6-0805_M)
Add component. Clean all parameters for all variants
Add component (AddParameter): Name = "LatestRevisionDate"; Value = "17-Jul-2002"; VariantName = "[No Variations]"
Add component (AddParameter): Name = "LatestRevisionNote"; Value = "Re-released for DXP Platform."; VariantName = "[No Variations]"
Add component (AddParameter): Name = "PackageDescription"; Value = "Axial Device, Thru-Hole; 2 Leads; 0.4 in Pin Spacing"; VariantName = "[No Variations]"
Add component (AddParameter): Name = "PackageReference"; Value = "AXIAL-0.4"; VariantName = "[No Variations]"
Add component (AddParameter): Name = "Published"; Value = "8-Jun-2000"; VariantName = "[No Variations]"
Add component (AddParameter): Name = "Publisher"; Value = "Altium Limited"; VariantName = "[No Variations]"
Added Component: Designator=R3(6-0805_M)
Add component. Clean all parameters for all variants
Add component (AddParameter): Name = "LatestRevisionDate"; Value = "17-Jul-2002"; VariantName = "[No Variations]"
Add component (AddParameter): Name = "LatestRevisionNote"; Value = "Re-released for DXP Platform."; VariantName = "[No Variations]"
Add component (AddParameter): Name = "PackageDescription"; Value = "Axial Device, Thru-Hole; 2 Leads; 0.4 in Pin Spacing"; VariantName = "[No Variations]"
Add component (AddParameter): Name = "PackageReference"; Value = "AXIAL-0.4"; VariantName = "[No Variations]"
Add component (AddParameter): Name = "Published"; Value = "8-Jun-2000"; VariantName = "[No Variations]"
Add component (AddParameter): Name = "Publisher"; Value = "Altium Limited"; VariantName = "[No Variations]"
Added Component: Designator=R4(6-0805_M)
Add component. Clean all parameters for all variants
Add component (AddParameter): Name = "LatestRevisionDate"; Value = "17-Jul-2002"; VariantName = "[No Variations]"
Add component (AddParameter): Name = "LatestRevisionNote"; Value = "Re-released for DXP Platform."; VariantName = "[No Variations]"
Add component (AddParameter): Name = "PackageDescription"; Value = "Axial Device, Thru-Hole; 2 Leads; 0.4 in Pin Spacing"; VariantName = "[No Variations]"
Add component (AddParameter): Name = "PackageReference"; Value = "AXIAL-0.4"; VariantName = "[No Variations]"
Add component (AddParameter): Name = "Published"; Value = "8-Jun-2000"; VariantName = "[No Variations]"
Add component (AddParameter): Name = "Publisher"; Value = "Altium Limited"; VariantName = "[No Variations]"
Added Component: Designator=R5(6-0805_M)
Add component. Clean all parameters for all variants
Add component (AddParameter): Name = "LatestRevisionDate"; Value = "17-Jul-2002"; VariantName = "[No Variations]"
Add component (AddParameter): Name = "LatestRevisionNote"; Value = "Re-released for DXP Platform."; VariantName = "[No Variations]"
Add component (AddParameter): Name = "PackageDescription"; Value = "Axial Device, Thru-Hole; 2 Leads; 0.4 in Pin Spacing"; VariantName = "[No Variations]"
Add component (AddParameter): Name = "PackageReference"; Value = "AXIAL-0.4"; VariantName = "[No Variations]"
Add component (AddParameter): Name = "Published"; Value = "8-Jun-2000"; VariantName = "[No Variations]"
Add component (AddParameter): Name = "Publisher"; Value = "Altium Limited"; VariantName = "[No Variations]"
Added Pin To Net: NetName=VDD Pin=JTAG Header-1
Added Pin To Net: NetName=GND Pin=JTAG Header-4
Added Pin To Net: NetName=GND Pin=JTAG Header-6
Added Pin To Net: NetName=GND Pin=JTAG Header-8
Added Pin To Net: NetName=GND Pin=JTAG Header-10
Added Pin To Net: NetName=GND Pin=JTAG Header-11
Added Pin To Net: NetName=GND Pin=JTAG Header-12
Added Pin To Net: NetName=GND Pin=JTAG Header-14
Added Pin To Net: NetName=GND Pin=JTAG Header-16
Added Pin To Net: NetName=GND Pin=JTAG Header-18
Added Pin To Net: NetName=+5V Pin=JTAG Header-19
Added Pin To Net: NetName=GND Pin=JTAG Header-20
Added Pin To Net: NetName=GND Pin=R2-1
Added Pin To Net: NetName=VDD Pin=R3-2
Added Pin To Net: NetName=VDD Pin=R4-2
Added Pin To Net: NetName=VDD Pin=R5-2
Added Pin To Net: NetName=#JTRST Pin=JTAG Header-3
Added Pin To Net: NetName=#JTRST Pin=MT6205B-C2
Added Pin To Net: NetName=#JTRST Pin=R5-1
Added Net: Name=#JTRST
Added Pin To Net: NetName=JTCK Pin=JTAG Header-9
Added Pin To Net: NetName=JTCK Pin=MT6205B-C3
Added Pin To Net: NetName=JTCK Pin=R2-2
Added Net: Name=JTCK
Added Pin To Net: NetName=JTDI Pin=JTAG Header-5
Added Pin To Net: NetName=JTDI Pin=MT6205B-A1
Added Pin To Net: NetName=JTDI Pin=R4-1
Added Net: Name=JTDI
Added Pin To Net: NetName=JTDO Pin=JTAG Header-13
Added Pin To Net: NetName=JTDO Pin=MT6205B-D3
Added Net: Name=JTDO
Added Pin To Net: NetName=JTMS Pin=JTAG Header-7
Added Pin To Net: NetName=JTMS Pin=MT6205B-C1
Added Pin To Net: NetName=JTMS Pin=R3-1
Added Net: Name=JTMS
Added Pin To Net: NetName=SYSRST Pin=JTAG Header-15
Added Pin To Net: NetName=SYSRST Pin=MT6205B-L2
Added Net: Name=SYSRST
Added Member To Class: ClassName=MT6205B Member=Component R2 10kO
Added Member To Class: ClassName=MT6205B Member=Component R3 10kO
Added Member To Class: ClassName=MT6205B Member=Component R4 10kO
Added Member To Class: ClassName=MT6205B Member=Component R5 10kO
Added Room: Name=MT6205B
