Removed Pin From Net: NetName=+5V Pin=D1-1
Change Component Footprint: Designator=D1 Old Footprint=6-0805_M New Footprint=WL-SMCW_0805
Change Component Comment : Designator=D1 Old Comment=5V_LED New Comment=Blue, 3.2 V, 140 deg
Change component parameters: Designator = "D1"; Footprint = "WL-SMCW_0805"; UniqueID = "\TRZCSRUB"
Change component parameters. Clean all parameters for all variants
Change component parameters (AddParameter): Name = "Chip Technology"; Value = "InGaN"; VariantName = "[No Variations]"
Change component parameters (AddParameter): Name = "ComponentLink1Description"; Value = "Manufacturer"; VariantName = "[No Variations]"
Change component parameters (AddParameter): Name = "ComponentLink1URL"; Value = "http://www.we-online.de"; VariantName = "[No Variations]"
Change component parameters (AddParameter): Name = "ComponentLink2Description"; Value = "Datasheet"; VariantName = "[No Variations]"
Change component parameters (AddParameter): Name = "ComponentLink2URL"; Value = "https://katalog.we-online.de/led/datasheet/150080BS75000.pdf"; VariantName = "[No Variations]"
Change component parameters (AddParameter): Name = "Dominant Wavelength"; Value = "470 nm"; VariantName = "[No Variations]"
Change component parameters (AddParameter): Name = "Emitting Color"; Value = "Blue"; VariantName = "[No Variations]"
Change component parameters (AddParameter): Name = "Forward Voltage"; Value = "3.2 V"; VariantName = "[No Variations]"
Change component parameters (AddParameter): Name = "Luminous Intensity"; Value = "145 mcd"; VariantName = "[No Variations]"
Change component parameters (AddParameter): Name = "Mounting Technology"; Value = "SMT"; VariantName = "[No Variations]"
Change component parameters (AddParameter): Name = "Operating Temperature"; Value = "-40 to 85 degC"; VariantName = "[No Variations]"
Change component parameters (AddParameter): Name = "Packaging"; Value = "Tape and Reel"; VariantName = "[No Variations]"
Change component parameters (AddParameter): Name = "Part Number"; Value = "150080BS75000"; VariantName = "[No Variations]"
Change component parameters (AddParameter): Name = "Peak Wavelength"; Value = "465 nm"; VariantName = "[No Variations]"
Change component parameters (AddParameter): Name = "Published Date"; Value = "November 2018"; VariantName = "[No Variations]"
Change component parameters (AddParameter): Name = "Publisher"; Value = "Wurth Elektronik"; VariantName = "[No Variations]"
Change component parameters (AddParameter): Name = "Size"; Value = "0805"; VariantName = "[No Variations]"
Change component parameters (AddParameter): Name = "Viewing Angle"; Value = "140 deg"; VariantName = "[No Variations]"
Added Pin To Net: NetName=+5V Pin=D1-2
Added Pin To Net: NetName=NetD1_1 Pin=D1-1
Added Pin To Net: NetName=NetD1_1 Pin=R7-2
Added Net: Name=NetD1_1
Added Room: Name=MT6205B
