Added Pin To Net: NetName=AB15 Pin=U*-1
Added Pin To Net: NetName=AB14 Pin=U*-2
Added Pin To Net: NetName=AB13 Pin=U*-3
Added Pin To Net: NetName=AB12 Pin=U*-4
Added Pin To Net: NetName=AB11 Pin=U*-5
Added Pin To Net: NetName=AB10 Pin=U*-6
Added Pin To Net: NetName=AB9 Pin=U*-7
Added Pin To Net: NetName=AB8 Pin=U*-8
Added Pin To Net: NetName=WR_ENABLE Pin=U*-11
Added Pin To Net: NetName=#SYS_RESET Pin=U*-12
Added Pin To Net: NetName=AB18 Pin=U*-16
Added Pin To Net: NetName=AB17 Pin=U*-17
Added Pin To Net: NetName=AB7 Pin=U*-18
Added Pin To Net: NetName=AB6 Pin=U*-19
Added Pin To Net: NetName=AB5 Pin=U*-20
Added Pin To Net: NetName=AB4 Pin=U*-21
Added Pin To Net: NetName=AB3 Pin=U*-22
Added Pin To Net: NetName=AB2 Pin=U*-23
Added Pin To Net: NetName=AB1 Pin=U*-24
Added Pin To Net: NetName=AB0 Pin=U*-25
Added Pin To Net: NetName=CS_FLASH Pin=U*-26
Added Pin To Net: NetName=GND Pin=U*-27
Added Pin To Net: NetName=RD_ENABLE Pin=U*-28
Added Pin To Net: NetName=DB0 Pin=U*-29
Added Pin To Net: NetName=DB8 Pin=U*-30
Added Pin To Net: NetName=DB1 Pin=U*-31
Added Pin To Net: NetName=DB9 Pin=U*-32
Added Pin To Net: NetName=DB2 Pin=U*-33
Added Pin To Net: NetName=DB10 Pin=U*-34
Added Pin To Net: NetName=DB3 Pin=U*-35
Added Pin To Net: NetName=DB11 Pin=U*-36
Added Pin To Net: NetName=VM Pin=U*-37
Added Pin To Net: NetName=DB4 Pin=U*-38
Added Pin To Net: NetName=DB12 Pin=U*-39
Added Pin To Net: NetName=DB5 Pin=U*-40
Added Pin To Net: NetName=DB13 Pin=U*-41
Added Pin To Net: NetName=DB6 Pin=U*-42
Added Pin To Net: NetName=DB14 Pin=U*-43
Added Pin To Net: NetName=DB7 Pin=U*-44
Added Pin To Net: NetName=DB15 Pin=U*-45
Added Pin To Net: NetName=GND Pin=U*-46
Added Pin To Net: NetName=VM Pin=U*-47
Added Pin To Net: NetName=AB16 Pin=U*-48
Added Member To Class: ClassName=MT6205B Member=Component U* MX29LV800BTC-90G
Added Room: Name=MT6205B
