Removed Pin From Net: NetName=SYSRST Pin=MT6205B-L2
Removed Pin From Net: NetName=SYSRST Pin=S1-2
Added Pin To Net: NetName=VDD Pin=ER_TFT040_1-4
Added Pin To Net: NetName=GND Pin=ER_TFT040_1-29
Added Pin To Net: NetName=GND Pin=ER_TFT040_1-30
Added Pin To Net: NetName=GND Pin=ER_TFT040_1-31
Added Pin To Net: NetName=GND Pin=ER_TFT040_1-32
Added Pin To Net: NetName=GND Pin=ER_TFT040_1-33
Added Pin To Net: NetName=GND Pin=ER_TFT040_1-34
Added Pin To Net: NetName=GND Pin=ER_TFT040_1-35
Added Pin To Net: NetName=GND Pin=ER_TFT040_1-36
Added Pin To Net: NetName=GND Pin=ER_TFT040_1-38
Added Pin To Net: NetName=CPU_RESET Pin=ER_TFT040_1-8
Added Pin To Net: NetName=CPU_RESET Pin=MT6205B-L2
Added Pin To Net: NetName=CPU_RESET Pin=S1-2
Added Net: Name=CPU_RESET
Added Pin To Net: NetName=CS_DISPLAY Pin=ER_TFT040_1-42
Added Pin To Net: NetName=CS_DISPLAY Pin=MT6205B-P12
Added Net: Name=CS_DISPLAY
Added Pin To Net: NetName=DATA_CMD_SEL_DISPLAY Pin=ER_TFT040_1-41
Added Pin To Net: NetName=DATA_CMD_SEL_DISPLAY Pin=MT6205B-C13
Added Net: Name=DATA_CMD_SEL_DISPLAY
Added Pin To Net: NetName=READ_SIG_DISPLAY Pin=ER_TFT040_1-39
Added Pin To Net: NetName=READ_SIG_DISPLAY Pin=MT6205B-E3
Added Net: Name=READ_SIG_DISPLAY
Added Pin To Net: NetName=WRITE_SIG_DISPLAY Pin=ER_TFT040_1-40
Added Pin To Net: NetName=WRITE_SIG_DISPLAY Pin=MT6205B-B14
Added Net: Name=WRITE_SIG_DISPLAY
Added Room: Name=MT6205B
