Added Component: Designator=MT6205B(MT6205B)
Add component. Clean all parameters for all variants
Added Pin To Net: NetName=JTDI Pin=MT6205B-A1
Added Pin To Net: NetName=VRTC Pin=MT6205B-A3
Added Pin To Net: NetName=VA Pin=MT6205B-A6
Added Pin To Net: NetName=GND Pin=MT6205B-A9
Added Pin To Net: NetName=VA Pin=MT6205B-A11
Added Pin To Net: NetName=GND Pin=MT6205B-A12
Added Pin To Net: NetName=GND Pin=MT6205B-B1
Added Pin To Net: NetName=BBWAKEUP Pin=MT6205B-B2
Added Pin To Net: NetName=VA Pin=MT6205B-B4
Added Pin To Net: NetName=GND Pin=MT6205B-B9
Added Pin To Net: NetName=WRITE_SIG_DISPLAY Pin=MT6205B-B14
Added Pin To Net: NetName=JTMS Pin=MT6205B-C1
Added Pin To Net: NetName=#JTRST Pin=MT6205B-C2
Added Pin To Net: NetName=JTCK Pin=MT6205B-C3
Added Pin To Net: NetName=SYSCLK Pin=MT6205B-C4
Added Pin To Net: NetName=VA Pin=MT6205B-C6
Added Pin To Net: NetName=GND Pin=MT6205B-C10
Added Pin To Net: NetName=VA Pin=MT6205B-C12
Added Pin To Net: NetName=DATA_CMD_SEL_DISPLAY Pin=MT6205B-C13
Added Pin To Net: NetName=GND Pin=MT6205B-C14
Added Pin To Net: NetName=VDD Pin=MT6205B-D1
Added Pin To Net: NetName=JTDO Pin=MT6205B-D3
Added Pin To Net: NetName=GND Pin=MT6205B-D4
Added Pin To Net: NetName=VA Pin=MT6205B-D5
Added Pin To Net: NetName=NetC22_2 Pin=MT6205B-D10
Added Pin To Net: NetName=BOOT_SELECT Pin=MT6205B-D11
Added Pin To Net: NetName=GND Pin=MT6205B-D13
Added Pin To Net: NetName=VDD Pin=MT6205B-D14
Added Pin To Net: NetName=READ_SIG_DISPLAY Pin=MT6205B-E3
Added Pin To Net: NetName=GND Pin=MT6205B-E7
Added Pin To Net: NetName=GND Pin=MT6205B-E8
Added Pin To Net: NetName=NetC22_1 Pin=MT6205B-E9
Added Pin To Net: NetName=VCORE Pin=MT6205B-F1
Added Pin To Net: NetName=GND Pin=MT6205B-F2
Added Pin To Net: NetName=UART1TX Pin=MT6205B-F11
Added Pin To Net: NetName=GND Pin=MT6205B-F13
Added Pin To Net: NetName=VCORE Pin=MT6205B-F14
Added Pin To Net: NetName=GND Pin=MT6205B-G1
Added Pin To Net: NetName=UART1RX Pin=MT6205B-G10
Added Pin To Net: NetName=AB14 Pin=MT6205B-H10
Added Pin To Net: NetName=AB15 Pin=MT6205B-H11
Added Pin To Net: NetName=AB17 Pin=MT6205B-H12
Added Pin To Net: NetName=AB16 Pin=MT6205B-H13
Added Pin To Net: NetName=AB18 Pin=MT6205B-H14
Added Pin To Net: NetName=VDD Pin=MT6205B-J1
Added Pin To Net: NetName=VSIM Pin=MT6205B-J4
Added Pin To Net: NetName=AB7 Pin=MT6205B-J10
Added Pin To Net: NetName=AB11 Pin=MT6205B-J11
Added Pin To Net: NetName=AB12 Pin=MT6205B-J12
Added Pin To Net: NetName=AB13 Pin=MT6205B-J13
Added Pin To Net: NetName=VM Pin=MT6205B-J14
Added Pin To Net: NetName=DB1 Pin=MT6205B-K7
Added Pin To Net: NetName=DB9 Pin=MT6205B-K8
Added Pin To Net: NetName=DB13 Pin=MT6205B-K9
Added Pin To Net: NetName=WR_ENABLE Pin=MT6205B-K10
Added Pin To Net: NetName=AB8 Pin=MT6205B-K11
Added Pin To Net: NetName=AB9 Pin=MT6205B-K12
Added Pin To Net: NetName=GND Pin=MT6205B-K13
Added Pin To Net: NetName=AB10 Pin=MT6205B-K14
Added Pin To Net: NetName=GND Pin=MT6205B-L1
Added Pin To Net: NetName=#SYS_RESET Pin=MT6205B-L2
Added Pin To Net: NetName=DB0 Pin=MT6205B-L6
Added Pin To Net: NetName=DB2 Pin=MT6205B-L7
Added Pin To Net: NetName=DB8 Pin=MT6205B-L8
Added Pin To Net: NetName=DB10 Pin=MT6205B-L9
Added Pin To Net: NetName=RD_ENABLE Pin=MT6205B-L10
Added Pin To Net: NetName=CS_FLASH Pin=MT6205B-L11
Added Pin To Net: NetName=AB4 Pin=MT6205B-L12
Added Pin To Net: NetName=AB5 Pin=MT6205B-L13
Added Pin To Net: NetName=AB6 Pin=MT6205B-L14
Added Pin To Net: NetName=DB5 Pin=MT6205B-M7
Added Pin To Net: NetName=DB6 Pin=MT6205B-M8
Added Pin To Net: NetName=DB12 Pin=MT6205B-M9
Added Pin To Net: NetName=DB14 Pin=MT6205B-M10
Added Pin To Net: NetName=CS_SRAM Pin=MT6205B-M11
Added Pin To Net: NetName=AB2 Pin=MT6205B-M12
Added Pin To Net: NetName=AB1 Pin=MT6205B-M13
Added Pin To Net: NetName=AB3 Pin=MT6205B-M14
Added Pin To Net: NetName=SRCLKENA Pin=MT6205B-N1
Added Pin To Net: NetName=GND Pin=MT6205B-N4
Added Pin To Net: NetName=DB4 Pin=MT6205B-N7
Added Pin To Net: NetName=DB7 Pin=MT6205B-N8
Added Pin To Net: NetName=GND Pin=MT6205B-N9
Added Pin To Net: NetName=DB15 Pin=MT6205B-N10
Added Pin To Net: NetName=GND Pin=MT6205B-N11
Added Pin To Net: NetName=GND Pin=MT6205B-N12
Added Pin To Net: NetName=UB_ENABLE Pin=MT6205B-N13
Added Pin To Net: NetName=VM Pin=MT6205B-N14
Added Pin To Net: NetName=VDD Pin=MT6205B-P3
Added Pin To Net: NetName=VCORE Pin=MT6205B-P4
Added Pin To Net: NetName=GND Pin=MT6205B-P6
Added Pin To Net: NetName=DB3 Pin=MT6205B-P7
Added Pin To Net: NetName=VM Pin=MT6205B-P8
Added Pin To Net: NetName=DB11 Pin=MT6205B-P9
Added Pin To Net: NetName=VM Pin=MT6205B-P10
Added Pin To Net: NetName=VCORE Pin=MT6205B-P11
Added Pin To Net: NetName=CS_DISPLAY Pin=MT6205B-P12
Added Pin To Net: NetName=LB_ENABLE Pin=MT6205B-P13
Added Pin To Net: NetName=AB0 Pin=MT6205B-P14
Added Member To Class: ClassName=MT6205B Member=Component MT6205B
Added Room: Name=MT6205B
