Added Pin To Net: NetName=+5V Pin=U6-1
Added Pin To Net: NetName=NetR9_1 Pin=U6-2
Added Pin To Net: NetName=NetR8_1 Pin=U6-3
Added Pin To Net: NetName=VDD Pin=U6-4
Added Pin To Net: NetName=GND Pin=U6-5
Added Pin To Net: NetName=GND Pin=U6-6
Added Pin To Net: NetName=GND Pin=U6-7
Added Pin To Net: NetName=#SYS_RESET Pin=U6-8
Added Pin To Net: NetName=GND Pin=U6-9
Added Pin To Net: NetName=GND Pin=U6-10
Added Pin To Net: NetName=GND Pin=U6-11
Added Pin To Net: NetName=GND Pin=U6-12
Added Pin To Net: NetName=DB0 Pin=U6-13
Added Pin To Net: NetName=DB1 Pin=U6-14
Added Pin To Net: NetName=DB2 Pin=U6-15
Added Pin To Net: NetName=DB3 Pin=U6-16
Added Pin To Net: NetName=DB4 Pin=U6-17
Added Pin To Net: NetName=DB5 Pin=U6-18
Added Pin To Net: NetName=DB6 Pin=U6-19
Added Pin To Net: NetName=DB7 Pin=U6-20
Added Pin To Net: NetName=DB8 Pin=U6-21
Added Pin To Net: NetName=DB9 Pin=U6-22
Added Pin To Net: NetName=DB10 Pin=U6-23
Added Pin To Net: NetName=DB11 Pin=U6-24
Added Pin To Net: NetName=DB12 Pin=U6-25
Added Pin To Net: NetName=DB13 Pin=U6-26
Added Pin To Net: NetName=DB14 Pin=U6-27
Added Pin To Net: NetName=DB15 Pin=U6-28
Added Pin To Net: NetName=GND Pin=U6-29
Added Pin To Net: NetName=GND Pin=U6-30
Added Pin To Net: NetName=GND Pin=U6-31
Added Pin To Net: NetName=GND Pin=U6-32
Added Pin To Net: NetName=GND Pin=U6-33
Added Pin To Net: NetName=GND Pin=U6-34
Added Pin To Net: NetName=GND Pin=U6-35
Added Pin To Net: NetName=GND Pin=U6-36
Added Pin To Net: NetName=GND Pin=U6-38
Added Pin To Net: NetName=READ_SIG_DISPLAY Pin=U6-39
Added Pin To Net: NetName=WRITE_SIG_DISPLAY Pin=U6-40
Added Pin To Net: NetName=DATA_CMD_SEL_DISPLAY Pin=U6-41
Added Pin To Net: NetName=CS_DISPLAY Pin=U6-42
Added Pin To Net: NetName=VDD Pin=U6-43
Added Pin To Net: NetName=VDD Pin=U6-44
Added Pin To Net: NetName=GND Pin=U6-45
Added Pin To Net: NetName=GND Pin=U6-50
Added Member To Class: ClassName=MT6205B Member=Component U6 TFT_LCD
Added Room: Name=MT6205B
