Change Component Footprint: Designator=R1 Old Footprint=6-0805_M New Footprint=WRIS-PSMB_0805_H=0.22mm
Change Component Footprint: Designator=R2 Old Footprint=6-0805_M New Footprint=WRIS-PSMB_0805_H=0.22mm
Change Component Footprint: Designator=R3 Old Footprint=6-0805_M New Footprint=WRIS-PSMB_0805_H=0.22mm
Change Component Footprint: Designator=R4 Old Footprint=6-0805_M New Footprint=WRIS-PSMB_0805_H=0.22mm
Change Component Footprint: Designator=R5 Old Footprint=6-0805_M New Footprint=WRIS-PSMB_0805_H=0.22mm
Change Component Footprint: Designator=R6 Old Footprint=6-0805_M New Footprint=WRIS-PSMB_0805_H=0.22mm
Change Component Footprint: Designator=R7 Old Footprint=6-0805_M New Footprint=WRIS-PSMB_0805_H=0.22mm
Change Component Footprint: Designator=R8 Old Footprint=6-0805_M New Footprint=WRIS-PSMB_0805_H=0.22mm
Change Component Footprint: Designator=R9 Old Footprint=6-0805_M New Footprint=WRIS-PSMB_0805_H=0.22mm
Added Component: Designator=R?(WRIS-PSMB_0805_H=0.35mm)
Add component. Clean all parameters for all variants
Add component (AddParameter): Name = "ComponentLink1Description"; Value = "Manufacturer"; VariantName = "[No Variations]"
Add component (AddParameter): Name = "ComponentLink1URL"; Value = "http://www.we-online.de"; VariantName = "[No Variations]"
Add component (AddParameter): Name = "ComponentLink2Description"; Value = "Datasheet"; VariantName = "[No Variations]"
Add component (AddParameter): Name = "ComponentLink2URL"; Value = "https://katalog.we-online.com/pbs/datasheet/580060720003.pdf"; VariantName = "[No Variations]"
Add component (AddParameter): Name = "Height"; Value = "0.35mm"; VariantName = "[No Variations]"
Add component (AddParameter): Name = "Length"; Value = "2mm"; VariantName = "[No Variations]"
Add component (AddParameter): Name = "Mounting Technology"; Value = "SMT"; VariantName = "[No Variations]"
Add component (AddParameter): Name = "Operating Temperature"; Value = "-55 to +155degC"; VariantName = "[No Variations]"
Add component (AddParameter): Name = "Packaging"; Value = "Tape and Reel"; VariantName = "[No Variations]"
Add component (AddParameter): Name = "Part Number"; Value = "580060720003"; VariantName = "[No Variations]"
Add component (AddParameter): Name = "Published Date"; Value = "September 2019"; VariantName = "[No Variations]"
Add component (AddParameter): Name = "Publisher"; Value = "Wurth Elektronik"; VariantName = "[No Variations]"
Add component (AddParameter): Name = "Rated Current"; Value = "10A"; VariantName = "[No Variations]"
Add component (AddParameter): Name = "Rated Power"; Value = "0.5W"; VariantName = "[No Variations]"
Add component (AddParameter): Name = "Resistance"; Value = "5mOhm"; VariantName = "[No Variations]"
Add component (AddParameter): Name = "Resistance Tolerance"; Value = "+/-1%"; VariantName = "[No Variations]"
Add component (AddParameter): Name = "Size"; Value = "0805"; VariantName = "[No Variations]"
Add component (AddParameter): Name = "Technical Reference"; Value = "MB0805R005F102KAATP0000"; VariantName = "[No Variations]"
Add component (AddParameter): Name = "Temperature Coefficient of Resistance"; Value = "+/-100ppm/degC"; VariantName = "[No Variations]"
Add component (AddParameter): Name = "Width"; Value = "1.25mm"; VariantName = "[No Variations]"
Added Member To Class: ClassName=MT6205B Member=Component R? 5mOhm
Added Room: Name=MT6205B
